2014-08-12 DEBUG [JavaFX Application Thread] (ResguiController.java:614) - ww
2014-08-12 DEBUG [JavaFX Application Thread] (ResguiController.java:613) - [Ljava.lang.reflect.TypeVariable;@4426407c
2014-08-12 DEBUG [JavaFX Application Thread] (ResguiController.java:614) - ww
2014-08-12 DEBUG [JavaFX Application Thread] (ResguiController.java:613) - [Ljava.lang.reflect.TypeVariable;@97e4156
2014-08-12 DEBUG [JavaFX Application Thread] (ResguiController.java:614) - ww
2014-08-12 DEBUG [JavaFX Application Thread] (ResguiController.java:613) - [Ljava.lang.reflect.TypeVariable;@267915e6
2014-08-12 DEBUG [JavaFX Application Thread] (ResguiController.java:614) - ww
2014-08-12 DEBUG [JavaFX Application Thread] (ResguiController.java:613) - [Ljava.lang.reflect.TypeVariable;@3c096847
2014-08-12 DEBUG [JavaFX Application Thread] (ResguiController.java:614) - ww
2014-08-12 DEBUG [JavaFX Application Thread] (ResguiController.java:613) - [Ljava.lang.reflect.TypeVariable;@4adafa1a
2014-08-12 DEBUG [JavaFX Application Thread] (ResguiController.java:614) - ww
2014-08-12 DEBUG [JavaFX Application Thread] (ResguiController.java:613) - [Ljava.lang.reflect.TypeVariable;@315576e6
2014-08-12 DEBUG [JavaFX Application Thread] (ResguiController.java:614) - ww
2014-08-12 DEBUG [JavaFX Application Thread] (ResguiController.java:613) - [Ljava.lang.reflect.TypeVariable;@5f6d930f
2014-08-12 DEBUG [JavaFX Application Thread] (ResguiController.java:614) - ww
2014-08-12 DEBUG [JavaFX Application Thread] (ResguiController.java:613) - [Ljava.lang.reflect.TypeVariable;@3892e995
2014-08-12 DEBUG [JavaFX Application Thread] (ResguiController.java:614) - ww
2014-08-12 DEBUG [JavaFX Application Thread] (ResguiController.java:613) - [Ljava.lang.reflect.TypeVariable;@38625016
2014-08-12 DEBUG [JavaFX Application Thread] (ResguiController.java:614) - ww
2014-08-12 DEBUG [JavaFX Application Thread] (ResguiController.java:613) - [Ljava.lang.reflect.TypeVariable;@67a5e361
2014-08-12 DEBUG [JavaFX Application Thread] (ResguiController.java:614) - ww
2014-08-12 DEBUG [JavaFX Application Thread] (ResguiController.java:613) - [Ljava.lang.reflect.TypeVariable;@3b7fd67e
2014-08-12 DEBUG [JavaFX Application Thread] (ResguiController.java:614) - ww
2014-08-12 DEBUG [JavaFX Application Thread] (ResguiController.java:613) - [Ljava.lang.reflect.TypeVariable;@140e4ec5
2014-08-12 DEBUG [JavaFX Application Thread] (ResguiController.java:614) - ww
2014-08-12 DEBUG [JavaFX Application Thread] (ResguiController.java:613) - [Ljava.lang.reflect.TypeVariable;@3ec65eb2
2014-08-12 DEBUG [JavaFX Application Thread] (ResguiController.java:614) - ww
2014-08-12 DEBUG [JavaFX Application Thread] (ResguiController.java:613) - [Ljava.lang.reflect.TypeVariable;@76b01ce0
2014-08-12 DEBUG [JavaFX Application Thread] (ResguiController.java:614) - ww
2014-08-12 DEBUG [JavaFX Application Thread] (ResguiController.java:613) - [Ljava.lang.reflect.TypeVariable;@5527f0ba
2014-08-12 DEBUG [JavaFX Application Thread] (ResguiController.java:614) - ww
2014-08-12 DEBUG [JavaFX Application Thread] (ResguiController.java:612) - ww
2014-08-12 DEBUG [JavaFX Application Thread] (ResguiController.java:612) - ww
2014-08-12 DEBUG [JavaFX Application Thread] (ResguiController.java:612) - ww
2014-08-12 DEBUG [JavaFX Application Thread] (ResguiController.java:612) - ww
2014-08-12 DEBUG [JavaFX Application Thread] (ResguiController.java:612) - ww
2014-08-12 DEBUG [JavaFX Application Thread] (ResguiController.java:612) - ww
2014-08-12 DEBUG [JavaFX Application Thread] (ResguiController.java:612) - ww
2014-08-12 DEBUG [JavaFX Application Thread] (ResguiController.java:612) - ww
2014-08-12 DEBUG [JavaFX Application Thread] (ResguiController.java:612) - ww
2014-08-12 DEBUG [JavaFX Application Thread] (ResguiController.java:612) - ww
2014-08-12 DEBUG [JavaFX Application Thread] (ResguiController.java:612) - ww
2014-08-12 DEBUG [JavaFX Application Thread] (ResguiController.java:612) - ww
2014-08-12 DEBUG [JavaFX Application Thread] (ResguiController.java:612) - ww
2014-08-12 DEBUG [JavaFX Application Thread] (ResguiController.java:612) - ww
2014-08-12 DEBUG [JavaFX Application Thread] (ResguiController.java:612) - ww
2014-08-12 DEBUG [JavaFX Application Thread] (ResguiController.java:612) - ww
2014-08-12 DEBUG [JavaFX Application Thread] (ResguiController.java:611) - 
2014-08-12 DEBUG [JavaFX Application Thread] (ResguiController.java:612) - ww
2014-08-12 DEBUG [JavaFX Application Thread] (ResguiController.java:611) - 
2014-08-12 DEBUG [JavaFX Application Thread] (ResguiController.java:612) - ww
2014-08-12 DEBUG [JavaFX Application Thread] (ResguiController.java:611) - 
2014-08-12 DEBUG [JavaFX Application Thread] (ResguiController.java:612) - ww
2014-08-12 DEBUG [JavaFX Application Thread] (ResguiController.java:611) - 
2014-08-12 DEBUG [JavaFX Application Thread] (ResguiController.java:612) - ww
2014-08-12 DEBUG [JavaFX Application Thread] (ResguiController.java:611) - 
2014-08-12 DEBUG [JavaFX Application Thread] (ResguiController.java:612) - ww
2014-08-12 DEBUG [JavaFX Application Thread] (ResguiController.java:611) - 
2014-08-12 DEBUG [JavaFX Application Thread] (ResguiController.java:612) - ww
2014-08-12 DEBUG [JavaFX Application Thread] (ResguiController.java:611) - 
2014-08-12 DEBUG [JavaFX Application Thread] (ResguiController.java:612) - ww
2014-08-12 DEBUG [JavaFX Application Thread] (ResguiController.java:611) - 
2014-08-12 DEBUG [JavaFX Application Thread] (ResguiController.java:612) - ww
2014-08-12 DEBUG [JavaFX Application Thread] (ResguiController.java:611) - 
2014-08-12 DEBUG [JavaFX Application Thread] (ResguiController.java:612) - ww
2014-08-12 DEBUG [JavaFX Application Thread] (ResguiController.java:611) - 
2014-08-12 DEBUG [JavaFX Application Thread] (ResguiController.java:612) - ww
2014-08-12 DEBUG [JavaFX Application Thread] (ResguiController.java:611) - 
2014-08-12 DEBUG [JavaFX Application Thread] (ResguiController.java:612) - ww
2014-08-12 DEBUG [JavaFX Application Thread] (ResguiController.java:611) - 
2014-08-12 DEBUG [JavaFX Application Thread] (ResguiController.java:612) - ww
2014-08-12 DEBUG [JavaFX Application Thread] (ResguiController.java:611) - 
2014-08-12 DEBUG [JavaFX Application Thread] (ResguiController.java:612) - ww
2014-08-12 DEBUG [JavaFX Application Thread] (ResguiController.java:611) - 
2014-08-12 DEBUG [JavaFX Application Thread] (ResguiController.java:612) - ww
2014-08-12 DEBUG [JavaFX Application Thread] (ResguiController.java:611) - 
2014-08-12 DEBUG [JavaFX Application Thread] (ResguiController.java:612) - ww
2014-08-12 DEBUG [JavaFX Application Thread] (ResguiController.java:611) - 
2014-08-12 DEBUG [JavaFX Application Thread] (ResguiController.java:612) - ww
2014-08-13 DEBUG [JavaFX Application Thread] (ResguiController.java:342) - Function entry Save, CreateNewRecord=true
2014-08-13 DEBUG [JavaFX Application Thread] (ResguiController.java:442) - Function Save: Newrecord
2014-08-13 DEBUG [JavaFX Application Thread] (ResguiController.java:342) - Function entry Save, CreateNewRecord=true
2014-08-13 DEBUG [JavaFX Application Thread] (ResguiController.java:443) - Function Save: Newrecord
2014-08-13 DEBUG [JavaFX Application Thread] (ResguiController.java:342) - Function entry Save, CreateNewRecord=true
2014-08-13 DEBUG [JavaFX Application Thread] (ResguiController.java:443) - Function Save: Newrecord
2014-08-13 DEBUG [JavaFX Application Thread] (ResguiController.java:342) - Function entry Save, CreateNewRecord=true
2014-08-13 DEBUG [JavaFX Application Thread] (ResguiController.java:443) - Function Save: Newrecord
2014-08-13 DEBUG [JavaFX Application Thread] (ResguiController.java:342) - Function entry Save, CreateNewRecord=true
2014-08-13 DEBUG [JavaFX Application Thread] (ResguiController.java:443) - Function Save: Newrecord
2014-08-13 DEBUG [JavaFX Application Thread] (ResguiController.java:342) - Function entry Save, CreateNewRecord=true
2014-08-13 DEBUG [JavaFX Application Thread] (ResguiController.java:443) - Function Save: Newrecord
2014-08-13 DEBUG [JavaFX Application Thread] (ResguiController.java:342) - Function entry Save, CreateNewRecord=true
2014-08-13 DEBUG [JavaFX Application Thread] (ResguiController.java:443) - Function Save: Newrecord
2014-08-13 DEBUG [JavaFX Application Thread] (ResguiController.java:342) - Function entry Save, CreateNewRecord=true
2014-08-13 DEBUG [JavaFX Application Thread] (ResguiController.java:443) - Function Save: Newrecord
2014-08-13 DEBUG [JavaFX Application Thread] (ResguiController.java:342) - Function entry Save, CreateNewRecord=true
2014-08-13 DEBUG [JavaFX Application Thread] (ResguiController.java:443) - Function Save: Newrecord
2014-08-13 DEBUG [JavaFX Application Thread] (ResguiController.java:342) - Function entry Save, CreateNewRecord=true
2014-08-13 DEBUG [JavaFX Application Thread] (ResguiController.java:443) - Function Save: Newrecord
2014-08-13 DEBUG [JavaFX Application Thread] (ResguiController.java:342) - Function entry Save, CreateNewRecord=true
2014-08-13 DEBUG [JavaFX Application Thread] (ResguiController.java:443) - Function Save: Newrecord
2014-08-13 DEBUG [JavaFX Application Thread] (ResguiController.java:342) - Function entry Save, CreateNewRecord=true
2014-08-13 DEBUG [JavaFX Application Thread] (ResguiController.java:443) - Function Save: Newrecord
2014-08-13 DEBUG [JavaFX Application Thread] (ResguiController.java:349) - Function entry Save, CreateNewRecord=true
2014-08-13 DEBUG [JavaFX Application Thread] (ResguiController.java:450) - Function Save: Newrecord
2014-08-13 DEBUG [JavaFX Application Thread] (ResguiController.java:349) - Function entry Save, CreateNewRecord=true
2014-08-13 DEBUG [JavaFX Application Thread] (ResguiController.java:450) - Function Save: Newrecord
2014-08-13 DEBUG [JavaFX Application Thread] (ResguiController.java:349) - Function entry Save, CreateNewRecord=true
2014-08-13 DEBUG [JavaFX Application Thread] (ResguiController.java:450) - Function Save: Newrecord
2014-08-13 DEBUG [JavaFX Application Thread] (occbean.java:65) - Function entry Contructor
2014-08-13 DEBUG [JavaFX Application Thread] (occbean.java:92) - Function exit Contructor
2014-08-13 DEBUG [JavaFX Application Thread] (occbean.java:65) - Function entry Contructor
2014-08-13 DEBUG [JavaFX Application Thread] (occbean.java:92) - Function exit Contructor
2014-08-13 DEBUG [JavaFX Application Thread] (occbean.java:123) - Function entry SearchForOccforRes
2014-08-13 DEBUG [JavaFX Application Thread] (occbean.java:139) - Function exit SearchForOccforRes
2014-08-13 DEBUG [JavaFX Application Thread] (occbean.java:65) - Function entry Contructor
2014-08-13 DEBUG [JavaFX Application Thread] (occbean.java:92) - Function exit Contructor
2014-08-13 DEBUG [JavaFX Application Thread] (occbean.java:123) - Function entry SearchForOccforRes
2014-08-13 DEBUG [JavaFX Application Thread] (occbean.java:139) - Function exit SearchForOccforRes
2014-08-13 DEBUG [JavaFX Application Thread] (ResguiController.java:349) - Function entry Save, CreateNewRecord=true
2014-08-13 DEBUG [JavaFX Application Thread] (ResguiController.java:450) - Function Save: Newrecord
2014-08-13 DEBUG [JavaFX Application Thread] (occbean.java:150) - Function entry createNewEmptyRecord
2014-08-13 DEBUG [JavaFX Application Thread] (occbean.java:96) - Function entry RefreshAllRecords
2014-08-13 DEBUG [JavaFX Application Thread] (occbean.java:106) - Function exit RefreshAllRecords
2014-08-13 DEBUG [JavaFX Application Thread] (occbean.java:177) - Function exit createNewEmptyRecord
2014-08-13 DEBUG [JavaFX Application Thread] (occbean.java:252) - Function entry checkForOverlappingReservations
2014-08-13 DEBUG [JavaFX Application Thread] (occbean.java:195) - Function entry validateRoom
2014-08-13 DEBUG [JavaFX Application Thread] (occbean.java:241) - Function exit validateRoom
2014-08-13 DEBUG [JavaFX Application Thread] (occbean.java:289) - Function exit checkForOverlappingReservations
2014-08-13 DEBUG [JavaFX Application Thread] (occbean.java:406) - Function entry saveRecord
2014-08-13 DEBUG [JavaFX Application Thread] (occbean.java:297) - Function entry saveNewRecord
2014-08-13 DEBUG [JavaFX Application Thread] (occbean.java:195) - Function entry validateRoom
2014-08-13 DEBUG [JavaFX Application Thread] (occbean.java:241) - Function exit validateRoom
2014-08-13 DEBUG [JavaFX Application Thread] (occbean.java:353) - Function entry saveOldRecord 
2014-08-13 DEBUG [JavaFX Application Thread] (occbean.java:65) - Function entry Contructor
2014-08-13 DEBUG [JavaFX Application Thread] (occbean.java:92) - Function exit Contructor
2014-08-13 DEBUG [JavaFX Application Thread] (occbean.java:123) - Function entry SearchForOccforRes
2014-08-13 DEBUG [JavaFX Application Thread] (occbean.java:139) - Function exit SearchForOccforRes
2014-08-13 DEBUG [JavaFX Application Thread] (ResguiController.java:349) - Function entry Save, CreateNewRecord=true
2014-08-13 DEBUG [JavaFX Application Thread] (ResguiController.java:450) - Function Save: Newrecord
2014-08-13 DEBUG [JavaFX Application Thread] (occbean.java:150) - Function entry createNewEmptyRecord
2014-08-13 DEBUG [JavaFX Application Thread] (occbean.java:96) - Function entry RefreshAllRecords
2014-08-13 DEBUG [JavaFX Application Thread] (occbean.java:106) - Function exit RefreshAllRecords
2014-08-13 DEBUG [JavaFX Application Thread] (occbean.java:177) - Function exit createNewEmptyRecord
2014-08-13 DEBUG [JavaFX Application Thread] (occbean.java:252) - Function entry checkForOverlappingReservations
2014-08-13 DEBUG [JavaFX Application Thread] (occbean.java:195) - Function entry validateRoom
2014-08-13 DEBUG [JavaFX Application Thread] (occbean.java:241) - Function exit validateRoom
2014-08-13 DEBUG [JavaFX Application Thread] (occbean.java:289) - Function exit checkForOverlappingReservations
2014-08-13 DEBUG [JavaFX Application Thread] (occbean.java:406) - Function entry saveRecord
2014-08-13 DEBUG [JavaFX Application Thread] (occbean.java:297) - Function entry saveNewRecord
2014-08-13 DEBUG [JavaFX Application Thread] (occbean.java:195) - Function entry validateRoom
2014-08-13 DEBUG [JavaFX Application Thread] (occbean.java:241) - Function exit validateRoom
2014-08-13 DEBUG [JavaFX Application Thread] (occbean.java:353) - Function entry saveOldRecord 
2014-08-13 DEBUG [JavaFX Application Thread] (occbean.java:65) - Function entry Contructor
2014-08-13 DEBUG [JavaFX Application Thread] (occbean.java:92) - Function exit Contructor
2014-08-13 DEBUG [JavaFX Application Thread] (occbean.java:123) - Function entry SearchForOccforRes
2014-08-13 DEBUG [JavaFX Application Thread] (occbean.java:139) - Function exit SearchForOccforRes
2014-08-13 DEBUG [JavaFX Application Thread] (ResguiController.java:349) - Function entry Save, CreateNewRecord=true
2014-08-13 DEBUG [JavaFX Application Thread] (ResguiController.java:450) - Function Save: Newrecord
2014-08-13 DEBUG [JavaFX Application Thread] (occbean.java:150) - Function entry createNewEmptyRecord
2014-08-13 DEBUG [JavaFX Application Thread] (occbean.java:96) - Function entry RefreshAllRecords
2014-08-13 DEBUG [JavaFX Application Thread] (occbean.java:106) - Function exit RefreshAllRecords
2014-08-13 DEBUG [JavaFX Application Thread] (occbean.java:177) - Function exit createNewEmptyRecord
2014-08-13 DEBUG [JavaFX Application Thread] (occbean.java:252) - Function entry checkForOverlappingReservations
2014-08-13 DEBUG [JavaFX Application Thread] (occbean.java:195) - Function entry validateRoom
2014-08-13 DEBUG [JavaFX Application Thread] (occbean.java:241) - Function exit validateRoom
2014-08-13 DEBUG [JavaFX Application Thread] (occbean.java:406) - Function entry saveRecord
2014-08-13 DEBUG [JavaFX Application Thread] (occbean.java:297) - Function entry saveNewRecord
2014-08-13 DEBUG [JavaFX Application Thread] (occbean.java:195) - Function entry validateRoom
2014-08-13 DEBUG [JavaFX Application Thread] (occbean.java:241) - Function exit validateRoom
2014-08-13 DEBUG [JavaFX Application Thread] (occbean.java:451) - Function exit saveRecord
2014-08-13 DEBUG [JavaFX Application Thread] (ResguiController.java:537) - Function exit Save
2014-08-13 DEBUG [JavaFX Application Thread] (occbean.java:65) - Function entry Contructor
2014-08-13 DEBUG [JavaFX Application Thread] (occbean.java:92) - Function exit Contructor
2014-08-13 DEBUG [JavaFX Application Thread] (occbean.java:65) - Function entry Contructor
2014-08-13 DEBUG [JavaFX Application Thread] (occbean.java:92) - Function exit Contructor
2014-08-13 DEBUG [JavaFX Application Thread] (occbean.java:123) - Function entry SearchForOccforRes
2014-08-13 DEBUG [JavaFX Application Thread] (occbean.java:139) - Function exit SearchForOccforRes
2014-08-13 DEBUG [JavaFX Application Thread] (occbean.java:65) - Function entry Contructor
2014-08-13 DEBUG [JavaFX Application Thread] (occbean.java:92) - Function exit Contructor
2014-08-13 DEBUG [JavaFX Application Thread] (occbean.java:123) - Function entry SearchForOccforRes
2014-08-13 DEBUG [JavaFX Application Thread] (occbean.java:139) - Function exit SearchForOccforRes
2014-08-13 DEBUG [JavaFX Application Thread] (occbean.java:65) - Function entry Contructor
2014-08-13 DEBUG [JavaFX Application Thread] (occbean.java:92) - Function exit Contructor
2014-08-13 DEBUG [JavaFX Application Thread] (occbean.java:123) - Function entry SearchForOccforRes
2014-08-13 DEBUG [JavaFX Application Thread] (occbean.java:139) - Function exit SearchForOccforRes
2014-08-13 DEBUG [JavaFX Application Thread] (occbean.java:65) - Function entry Contructor
2014-08-13 DEBUG [JavaFX Application Thread] (occbean.java:92) - Function exit Contructor
2014-08-13 DEBUG [JavaFX Application Thread] (occbean.java:123) - Function entry SearchForOccforRes
2014-08-13 DEBUG [JavaFX Application Thread] (occbean.java:139) - Function exit SearchForOccforRes
2014-08-13 DEBUG [JavaFX Application Thread] (occbean.java:65) - Function entry Contructor
2014-08-13 DEBUG [JavaFX Application Thread] (occbean.java:92) - Function exit Contructor
2014-08-13 DEBUG [JavaFX Application Thread] (occbean.java:123) - Function entry SearchForOccforRes
2014-08-13 DEBUG [JavaFX Application Thread] (occbean.java:139) - Function exit SearchForOccforRes
2014-08-13 DEBUG [JavaFX Application Thread] (occbean.java:65) - Function entry Contructor
2014-08-13 DEBUG [JavaFX Application Thread] (occbean.java:92) - Function exit Contructor
2014-08-13 DEBUG [JavaFX Application Thread] (occbean.java:123) - Function entry SearchForOccforRes
2014-08-13 DEBUG [JavaFX Application Thread] (occbean.java:139) - Function exit SearchForOccforRes
2014-08-13 DEBUG [JavaFX Application Thread] (occbean.java:65) - Function entry Contructor
2014-08-13 DEBUG [JavaFX Application Thread] (occbean.java:92) - Function exit Contructor
2014-08-13 DEBUG [JavaFX Application Thread] (occbean.java:123) - Function entry SearchForOccforRes
2014-08-13 DEBUG [JavaFX Application Thread] (occbean.java:139) - Function exit SearchForOccforRes
2014-08-13 DEBUG [JavaFX Application Thread] (occbean.java:65) - Function entry Contructor
2014-08-13 DEBUG [JavaFX Application Thread] (occbean.java:92) - Function exit Contructor
2014-08-13 DEBUG [JavaFX Application Thread] (occbean.java:123) - Function entry SearchForOccforRes
2014-08-13 DEBUG [JavaFX Application Thread] (occbean.java:139) - Function exit SearchForOccforRes
2014-08-13 DEBUG [JavaFX Application Thread] (occbean.java:123) - Function entry SearchForOccforRes
2014-08-13 DEBUG [JavaFX Application Thread] (occbean.java:139) - Function exit SearchForOccforRes
2014-08-13 DEBUG [JavaFX Application Thread] (occbean.java:123) - Function entry SearchForOccforRes
2014-08-13 DEBUG [JavaFX Application Thread] (occbean.java:139) - Function exit SearchForOccforRes
2014-08-13 DEBUG [JavaFX Application Thread] (occbean.java:123) - Function entry SearchForOccforRes
2014-08-13 DEBUG [JavaFX Application Thread] (occbean.java:139) - Function exit SearchForOccforRes
2014-08-13 DEBUG [JavaFX Application Thread] (occbean.java:123) - Function entry SearchForOccforRes
2014-08-13 DEBUG [JavaFX Application Thread] (occbean.java:139) - Function exit SearchForOccforRes
2014-08-13 DEBUG [JavaFX Application Thread] (occbean.java:123) - Function entry SearchForOccforRes
2014-08-13 DEBUG [JavaFX Application Thread] (occbean.java:139) - Function exit SearchForOccforRes
2014-08-13 DEBUG [JavaFX Application Thread] (occbean.java:123) - Function entry SearchForOccforRes
2014-08-13 DEBUG [JavaFX Application Thread] (occbean.java:139) - Function exit SearchForOccforRes
2014-08-13 DEBUG [JavaFX Application Thread] (occbean.java:123) - Function entry SearchForOccforRes
2014-08-13 DEBUG [JavaFX Application Thread] (occbean.java:139) - Function exit SearchForOccforRes
2014-08-13 DEBUG [JavaFX Application Thread] (occbean.java:123) - Function entry SearchForOccforRes
2014-08-13 DEBUG [JavaFX Application Thread] (occbean.java:139) - Function exit SearchForOccforRes
2014-08-13 DEBUG [JavaFX Application Thread] (occbean.java:123) - Function entry SearchForOccforRes
2014-08-13 DEBUG [JavaFX Application Thread] (occbean.java:139) - Function exit SearchForOccforRes
2014-08-13 DEBUG [JavaFX Application Thread] (occbean.java:65) - Function entry Contructor
2014-08-13 DEBUG [JavaFX Application Thread] (occbean.java:92) - Function exit Contructor
2014-08-13 DEBUG [JavaFX Application Thread] (occbean.java:123) - Function entry SearchForOccforRes
2014-08-13 DEBUG [JavaFX Application Thread] (occbean.java:139) - Function exit SearchForOccforRes
2014-08-13 DEBUG [JavaFX Application Thread] (occbean.java:65) - Function entry Contructor
2014-08-13 DEBUG [JavaFX Application Thread] (occbean.java:92) - Function exit Contructor
2014-08-13 DEBUG [JavaFX Application Thread] (occbean.java:123) - Function entry SearchForOccforRes
2014-08-13 DEBUG [JavaFX Application Thread] (occbean.java:139) - Function exit SearchForOccforRes
2014-08-13 DEBUG [JavaFX Application Thread] (occbean.java:65) - Function entry Contructor
2014-08-13 DEBUG [JavaFX Application Thread] (occbean.java:92) - Function exit Contructor
2014-08-13 DEBUG [JavaFX Application Thread] (resbean.java:227) - Function entry 1
2014-08-13 DEBUG [JavaFX Application Thread] (occbean.java:123) - Function entry SearchForOccforRes
2014-08-13 DEBUG [JavaFX Application Thread] (occbean.java:139) - Function exit SearchForOccforRes
2014-08-13 DEBUG [JavaFX Application Thread] (occbean.java:65) - Function entry Contructor
2014-08-13 DEBUG [JavaFX Application Thread] (occbean.java:92) - Function exit Contructor
2014-08-13 DEBUG [JavaFX Application Thread] (occbean.java:123) - Function entry SearchForOccforRes
2014-08-13 DEBUG [JavaFX Application Thread] (occbean.java:139) - Function exit SearchForOccforRes
2014-08-13 DEBUG [JavaFX Application Thread] (occbean.java:65) - Function entry Contructor
2014-08-13 DEBUG [JavaFX Application Thread] (occbean.java:92) - Function exit Contructor
2014-08-13 DEBUG [JavaFX Application Thread] (resbean.java:227) - Function entry 1
2014-08-13 DEBUG [JavaFX Application Thread] (occbean.java:123) - Function entry SearchForOccforRes
2014-08-13 DEBUG [JavaFX Application Thread] (occbean.java:139) - Function exit SearchForOccforRes
2014-08-13 DEBUG [JavaFX Application Thread] (occbean.java:65) - Function entry Contructor
2014-08-13 DEBUG [JavaFX Application Thread] (occbean.java:92) - Function exit Contructor
2014-08-13 DEBUG [JavaFX Application Thread] (occbean.java:123) - Function entry SearchForOccforRes
2014-08-13 DEBUG [JavaFX Application Thread] (occbean.java:139) - Function exit SearchForOccforRes
2014-08-14 DEBUG [JavaFX Application Thread] (ResListController.java:199) - Function entry7202
2014-08-14 DEBUG [JavaFX Application Thread] (occbean.java:65) - Function entry Contructor
2014-08-14 DEBUG [JavaFX Application Thread] (occbean.java:92) - Function exit Contructor
2014-08-14 DEBUG [JavaFX Application Thread] (occbean.java:123) - Function entry SearchForOccforRes
2014-08-14 DEBUG [JavaFX Application Thread] (occbean.java:139) - Function exit SearchForOccforRes
2014-08-14 DEBUG [JavaFX Application Thread] (ResListController.java:199) - Function entry7202
2014-08-14 DEBUG [JavaFX Application Thread] (occbean.java:65) - Function entry Contructor
2014-08-14 DEBUG [JavaFX Application Thread] (occbean.java:92) - Function exit Contructor
2014-08-14 DEBUG [JavaFX Application Thread] (ResListController.java:199) - Function entry7202
2014-08-14 DEBUG [JavaFX Application Thread] (occbean.java:65) - Function entry Contructor
2014-08-14 DEBUG [JavaFX Application Thread] (occbean.java:92) - Function exit Contructor
2014-08-14 DEBUG [JavaFX Application Thread] (resbean.java:227) - Function entry 2
2014-08-14 DEBUG [JavaFX Application Thread] (occbean.java:123) - Function entry SearchForOccforRes
2014-08-14 DEBUG [JavaFX Application Thread] (occbean.java:139) - Function exit SearchForOccforRes
2014-08-14 DEBUG [JavaFX Application Thread] (ResguiController.java:349) - Function entry Save, CreateNewRecord=false
2014-08-14 DEBUG [JavaFX Application Thread] (ResguiController.java:450) - Function Save: Newrecord
2014-08-14 DEBUG [JavaFX Application Thread] (occbean.java:150) - Function entry createNewEmptyRecord
2014-08-14 DEBUG [JavaFX Application Thread] (occbean.java:96) - Function entry RefreshAllRecords
2014-08-14 DEBUG [JavaFX Application Thread] (occbean.java:106) - Function exit RefreshAllRecords
2014-08-14 DEBUG [JavaFX Application Thread] (occbean.java:177) - Function exit createNewEmptyRecord
2014-08-14 DEBUG [JavaFX Application Thread] (occbean.java:252) - Function entry checkForOverlappingReservations
2014-08-14 DEBUG [JavaFX Application Thread] (occbean.java:195) - Function entry validateRoom
2014-08-14 DEBUG [JavaFX Application Thread] (occbean.java:241) - Function exit validateRoom
2014-08-14 DEBUG [JavaFX Application Thread] (occbean.java:96) - Function entry RefreshAllRecords
2014-08-14 DEBUG [JavaFX Application Thread] (occbean.java:106) - Function exit RefreshAllRecords
2014-08-14 DEBUG [JavaFX Application Thread] (ResguiController.java:495) - Function Save:NewRecord:Overlaps-no
2014-08-14 DEBUG [JavaFX Application Thread] (ResListController.java:199) - Function entry7202
2014-08-14 DEBUG [JavaFX Application Thread] (occbean.java:65) - Function entry Contructor
2014-08-14 DEBUG [JavaFX Application Thread] (occbean.java:92) - Function exit Contructor
2014-08-14 DEBUG [JavaFX Application Thread] (resbean.java:227) - Function entry 2
2014-08-14 DEBUG [JavaFX Application Thread] (occbean.java:123) - Function entry SearchForOccforRes
2014-08-14 DEBUG [JavaFX Application Thread] (occbean.java:139) - Function exit SearchForOccforRes
2014-08-14 DEBUG [JavaFX Application Thread] (ResListController.java:199) - Function entry7202
2014-08-14 DEBUG [JavaFX Application Thread] (occbean.java:65) - Function entry Contructor
2014-08-14 DEBUG [JavaFX Application Thread] (occbean.java:92) - Function exit Contructor
2014-08-14 DEBUG [JavaFX Application Thread] (resbean.java:227) - Function entry 2
2014-08-14 DEBUG [JavaFX Application Thread] (occbean.java:123) - Function entry SearchForOccforRes
2014-08-14 DEBUG [JavaFX Application Thread] (occbean.java:139) - Function exit SearchForOccforRes
2014-08-15 DEBUG [JavaFX Application Thread] (occbean.java:65) - Function entry Contructor
2014-08-15 DEBUG [JavaFX Application Thread] (occbean.java:92) - Function exit Contructor
2014-08-15 DEBUG [JavaFX Application Thread] (occbean.java:65) - Function entry Contructor
2014-08-15 DEBUG [JavaFX Application Thread] (occbean.java:92) - Function exit Contructor
2014-08-15 DEBUG [JavaFX Application Thread] (ResguiController.java:365) - Function entry Save, CreateNewRecord=true
2014-08-15 DEBUG [JavaFX Application Thread] (ResguiController.java:466) - Function Save: Newrecord
2014-08-15 DEBUG [JavaFX Application Thread] (occbean.java:150) - Function entry createNewEmptyRecord
2014-08-15 DEBUG [JavaFX Application Thread] (occbean.java:96) - Function entry RefreshAllRecords
2014-08-15 DEBUG [JavaFX Application Thread] (occbean.java:106) - Function exit RefreshAllRecords
2014-08-15 DEBUG [JavaFX Application Thread] (occbean.java:177) - Function exit createNewEmptyRecord
2014-08-15 DEBUG [JavaFX Application Thread] (occbean.java:252) - Function entry checkForOverlappingReservations
2014-08-15 DEBUG [JavaFX Application Thread] (occbean.java:195) - Function entry validateRoom
2014-08-15 DEBUG [JavaFX Application Thread] (occbean.java:241) - Function exit validateRoom
2014-08-15 DEBUG [JavaFX Application Thread] (occbean.java:406) - Function entry saveRecord
2014-08-15 DEBUG [JavaFX Application Thread] (occbean.java:297) - Function entry saveNewRecord
2014-08-15 DEBUG [JavaFX Application Thread] (occbean.java:195) - Function entry validateRoom
2014-08-15 DEBUG [JavaFX Application Thread] (occbean.java:241) - Function exit validateRoom
2014-08-15 DEBUG [JavaFX Application Thread] (occbean.java:451) - Function exit saveRecord
2014-08-15 DEBUG [JavaFX Application Thread] (ResguiController.java:554) - Function exit Save
2014-08-15 DEBUG [JavaFX Application Thread] (occbean.java:65) - Function entry Contructor
2014-08-15 DEBUG [JavaFX Application Thread] (occbean.java:92) - Function exit Contructor
2014-08-15 DEBUG [JavaFX Application Thread] (ResListController.java:199) - Function entry7302
2014-08-15 DEBUG [JavaFX Application Thread] (occbean.java:65) - Function entry Contructor
2014-08-15 DEBUG [JavaFX Application Thread] (occbean.java:92) - Function exit Contructor
2014-08-15 DEBUG [JavaFX Application Thread] (resbean.java:229) - Function entry 3
2014-08-15 DEBUG [JavaFX Application Thread] (occbean.java:123) - Function entry SearchForOccforRes
2014-08-15 DEBUG [JavaFX Application Thread] (occbean.java:139) - Function exit SearchForOccforRes
2014-08-15 DEBUG [JavaFX Application Thread] (occbean.java:65) - Function entry Contructor
2014-08-15 DEBUG [JavaFX Application Thread] (occbean.java:92) - Function exit Contructor
2014-08-15 DEBUG [JavaFX Application Thread] (occbean.java:117) - Function entry SearchForOcc
2014-08-15 DEBUG [JavaFX Application Thread] (occbean.java:65) - Function entry Contructor
2014-08-15 DEBUG [JavaFX Application Thread] (occbean.java:92) - Function exit Contructor
2014-08-15 DEBUG [JavaFX Application Thread] (occbean.java:117) - Function entry SearchForOcc
2014-08-15 DEBUG [JavaFX Application Thread] (occbean.java:65) - Function entry Contructor
2014-08-15 DEBUG [JavaFX Application Thread] (occbean.java:92) - Function exit Contructor
2014-08-15 DEBUG [JavaFX Application Thread] (occbean.java:117) - Function entry SearchForOcc
2014-08-15 DEBUG [JavaFX Application Thread] (occbean.java:65) - Function entry Contructor
2014-08-15 DEBUG [JavaFX Application Thread] (occbean.java:92) - Function exit Contructor
2014-08-15 DEBUG [JavaFX Application Thread] (occbean.java:117) - Function entry SearchForOcc
2014-08-15 DEBUG [JavaFX Application Thread] (occplan.java:541) - Function entry initi..  0.0
2014-08-15 DEBUG [JavaFX Application Thread] (occplan.java:541) - Function entry initi..  37.0
2014-08-15 DEBUG [JavaFX Application Thread] (occbean.java:65) - Function entry Contructor
2014-08-15 DEBUG [JavaFX Application Thread] (occbean.java:92) - Function exit Contructor
2014-08-15 DEBUG [JavaFX Application Thread] (occbean.java:117) - Function entry SearchForOcc
2014-08-15 DEBUG [JavaFX Application Thread] (occbean.java:65) - Function entry Contructor
2014-08-15 DEBUG [JavaFX Application Thread] (occbean.java:92) - Function exit Contructor
2014-08-15 DEBUG [JavaFX Application Thread] (occbean.java:117) - Function entry SearchForOcc
2014-08-15 DEBUG [JavaFX Application Thread] (occplan.java:78) - Function entry 37.0  36.0
2014-08-15 DEBUG [JavaFX Application Thread] (occbean.java:65) - Function entry Contructor
2014-08-15 DEBUG [JavaFX Application Thread] (occbean.java:92) - Function exit Contructor
2014-08-15 DEBUG [JavaFX Application Thread] (occbean.java:117) - Function entry SearchForOcc
2014-08-15 DEBUG [JavaFX Application Thread] (occplan.java:433) - Function entry create Gridbox
2014-08-15 DEBUG [JavaFX Application Thread] (occplan.java:78) - Function entry 37.0  36.0
2014-08-15 DEBUG [JavaFX Application Thread] (occbean.java:65) - Function entry Contructor
2014-08-15 DEBUG [JavaFX Application Thread] (occbean.java:92) - Function exit Contructor
2014-08-15 DEBUG [JavaFX Application Thread] (occbean.java:117) - Function entry SearchForOcc
2014-08-15 DEBUG [JavaFX Application Thread] (occplan.java:433) - Function entry create Gridbox
2014-08-15 DEBUG [JavaFX Application Thread] (occplan.java:78) - Function entry 37.0  36.0
2014-08-15 DEBUG [JavaFX Application Thread] (occbean.java:65) - Function entry Contructor
2014-08-15 DEBUG [JavaFX Application Thread] (occbean.java:92) - Function exit Contructor
2014-08-15 DEBUG [JavaFX Application Thread] (occbean.java:117) - Function entry SearchForOcc
2014-08-15 DEBUG [JavaFX Application Thread] (occplan.java:434) - Function entry create Gridbox
2014-08-15 DEBUG [JavaFX Application Thread] (occplan.java:78) - Function entry 37.0  36.0
2014-08-15 DEBUG [JavaFX Application Thread] (occplan.java:78) - Function entry 37.0  36.0
2014-08-15 DEBUG [JavaFX Application Thread] (occplan.java:78) - Function entry 37.0  36.0
2014-08-15 DEBUG [JavaFX Application Thread] (occplan.java:78) - Function entry 37.0  36.0
2014-08-15 DEBUG [JavaFX Application Thread] (occplan.java:78) - Function entry 37.0  36.0
2014-08-15 DEBUG [JavaFX Application Thread] (occplan.java:78) - Function entry 37.0  36.0
2014-08-15 DEBUG [JavaFX Application Thread] (occplan.java:78) - Function entry 37.0  36.0
2014-08-15 DEBUG [JavaFX Application Thread] (occplan.java:78) - Function entry 37.0  36.0
2014-08-15 DEBUG [JavaFX Application Thread] (occbean.java:65) - Function entry Contructor
2014-08-15 DEBUG [JavaFX Application Thread] (occbean.java:92) - Function exit Contructor
2014-08-15 DEBUG [JavaFX Application Thread] (occbean.java:117) - Function entry SearchForOcc
2014-08-15 DEBUG [JavaFX Application Thread] (occplan.java:434) - Function entry create Gridbox
2014-08-15 DEBUG [JavaFX Application Thread] (occplan.java:78) - Function entry 37.0  36.0
2014-08-15 DEBUG [JavaFX Application Thread] (occplan.java:78) - Function entry 37.0  36.0
2014-08-15 DEBUG [JavaFX Application Thread] (occplan.java:78) - Function entry 37.0  36.0
2014-08-15 DEBUG [JavaFX Application Thread] (occplan.java:78) - Function entry 37.0  36.0
2014-08-15 DEBUG [JavaFX Application Thread] (occplan.java:78) - Function entry 37.0  36.0
2014-08-15 DEBUG [JavaFX Application Thread] (occplan.java:78) - Function entry 37.0  36.0
2014-08-15 DEBUG [JavaFX Application Thread] (occplan.java:78) - Function entry 37.0  36.0
2014-08-15 DEBUG [JavaFX Application Thread] (occplan.java:78) - Function entry 37.0  36.0
2014-08-15 DEBUG [JavaFX Application Thread] (occbean.java:65) - Function entry Contructor
2014-08-15 DEBUG [JavaFX Application Thread] (occbean.java:92) - Function exit Contructor
2014-08-15 DEBUG [JavaFX Application Thread] (occbean.java:117) - Function entry SearchForOcc
2014-08-15 DEBUG [JavaFX Application Thread] (occplan.java:434) - Function entry create Gridbox
2014-08-15 DEBUG [JavaFX Application Thread] (occplan.java:78) - Function entry 37.0  36.0
2014-08-15 DEBUG [JavaFX Application Thread] (occplan.java:78) - Function entry 37.0  36.0
2014-08-15 DEBUG [JavaFX Application Thread] (occplan.java:78) - Function entry 37.0  36.0
2014-08-15 DEBUG [JavaFX Application Thread] (occplan.java:78) - Function entry 37.0  36.0
2014-08-15 DEBUG [JavaFX Application Thread] (occplan.java:78) - Function entry 37.0  36.0
2014-08-15 DEBUG [JavaFX Application Thread] (occplan.java:78) - Function entry 37.0  36.0
2014-08-15 DEBUG [JavaFX Application Thread] (occplan.java:78) - Function entry 37.0  36.0
2014-08-15 DEBUG [JavaFX Application Thread] (occplan.java:78) - Function entry 37.0  36.0
2014-08-15 DEBUG [JavaFX Application Thread] (occbean.java:65) - Function entry Contructor
2014-08-15 DEBUG [JavaFX Application Thread] (occbean.java:92) - Function exit Contructor
2014-08-15 DEBUG [JavaFX Application Thread] (occbean.java:117) - Function entry SearchForOcc
2014-08-15 DEBUG [JavaFX Application Thread] (occplan.java:435) - Function entry create Gridbox
2014-08-15 DEBUG [JavaFX Application Thread] (occplan.java:78) - Function entry 37.0  36.0
2014-08-15 DEBUG [JavaFX Application Thread] (occplan.java:78) - Function entry 37.0  36.0
2014-08-15 DEBUG [JavaFX Application Thread] (occplan.java:78) - Function entry 37.0  36.0
2014-08-15 DEBUG [JavaFX Application Thread] (occplan.java:78) - Function entry 37.0  36.0
2014-08-15 DEBUG [JavaFX Application Thread] (occplan.java:78) - Function entry 37.0  36.0
2014-08-15 DEBUG [JavaFX Application Thread] (occplan.java:78) - Function entry 37.0  36.0
2014-08-15 DEBUG [JavaFX Application Thread] (occplan.java:78) - Function entry 37.0  36.0
2014-08-15 DEBUG [JavaFX Application Thread] (occplan.java:78) - Function entry 37.0  36.0
2014-08-15 DEBUG [JavaFX Application Thread] (occbean.java:65) - Function entry Contructor
2014-08-15 DEBUG [JavaFX Application Thread] (occbean.java:92) - Function exit Contructor
2014-08-15 DEBUG [JavaFX Application Thread] (occbean.java:117) - Function entry SearchForOcc
2014-08-15 DEBUG [JavaFX Application Thread] (occplan.java:435) - Function entry create Gridbox
2014-08-15 DEBUG [JavaFX Application Thread] (occplan.java:78) - Function entry 37.0  36.0
2014-08-15 DEBUG [JavaFX Application Thread] (occplan.java:78) - Function entry 37.0  36.0
2014-08-15 DEBUG [JavaFX Application Thread] (occplan.java:78) - Function entry 37.0  36.0
2014-08-15 DEBUG [JavaFX Application Thread] (occplan.java:78) - Function entry 37.0  36.0
2014-08-15 DEBUG [JavaFX Application Thread] (occplan.java:78) - Function entry 37.0  36.0
2014-08-15 DEBUG [JavaFX Application Thread] (occplan.java:78) - Function entry 37.0  36.0
2014-08-15 DEBUG [JavaFX Application Thread] (occplan.java:78) - Function entry 37.0  36.0
2014-08-15 DEBUG [JavaFX Application Thread] (occplan.java:78) - Function entry 37.0  36.0
2014-08-15 DEBUG [JavaFX Application Thread] (occbean.java:65) - Function entry Contructor
2014-08-15 DEBUG [JavaFX Application Thread] (occbean.java:92) - Function exit Contructor
2014-08-15 DEBUG [JavaFX Application Thread] (occbean.java:117) - Function entry SearchForOcc
2014-08-15 DEBUG [JavaFX Application Thread] (occplan.java:435) - Function entry create Gridbox
2014-08-15 DEBUG [JavaFX Application Thread] (occplan.java:78) - Function entry 37.0  36.0
2014-08-15 DEBUG [JavaFX Application Thread] (occplan.java:78) - Function entry 37.0  36.0
2014-08-15 DEBUG [JavaFX Application Thread] (occplan.java:78) - Function entry 37.0  36.0
2014-08-15 DEBUG [JavaFX Application Thread] (occplan.java:78) - Function entry 37.0  36.0
2014-08-15 DEBUG [JavaFX Application Thread] (occplan.java:78) - Function entry 37.0  36.0
2014-08-15 DEBUG [JavaFX Application Thread] (occplan.java:78) - Function entry 37.0  36.0
2014-08-15 DEBUG [JavaFX Application Thread] (occplan.java:78) - Function entry 37.0  36.0
2014-08-15 DEBUG [JavaFX Application Thread] (occplan.java:78) - Function entry 37.0  36.0
2014-08-15 DEBUG [JavaFX Application Thread] (occbean.java:65) - Function entry Contructor
2014-08-15 DEBUG [JavaFX Application Thread] (occbean.java:92) - Function exit Contructor
2014-08-15 DEBUG [JavaFX Application Thread] (occbean.java:117) - Function entry SearchForOcc
2014-08-15 DEBUG [JavaFX Application Thread] (occplan.java:435) - Function entry create Gridbox
2014-08-15 DEBUG [JavaFX Application Thread] (occplan.java:78) - Function entry 37.0  36.0
2014-08-15 DEBUG [JavaFX Application Thread] (occplan.java:78) - Function entry 37.0  36.0
2014-08-15 DEBUG [JavaFX Application Thread] (occplan.java:78) - Function entry 37.0  36.0
2014-08-15 DEBUG [JavaFX Application Thread] (occplan.java:78) - Function entry 37.0  36.0
2014-08-15 DEBUG [JavaFX Application Thread] (occplan.java:78) - Function entry 37.0  36.0
2014-08-15 DEBUG [JavaFX Application Thread] (occplan.java:78) - Function entry 37.0  36.0
2014-08-15 DEBUG [JavaFX Application Thread] (occplan.java:78) - Function entry 37.0  36.0
2014-08-15 DEBUG [JavaFX Application Thread] (occplan.java:78) - Function entry 37.0  36.0
2014-08-15 DEBUG [JavaFX Application Thread] (occbean.java:65) - Function entry Contructor
2014-08-15 DEBUG [JavaFX Application Thread] (occbean.java:92) - Function exit Contructor
2014-08-15 DEBUG [JavaFX Application Thread] (occbean.java:117) - Function entry SearchForOcc
2014-08-15 DEBUG [JavaFX Application Thread] (occplan.java:435) - Function entry create Gridbox
2014-08-15 DEBUG [JavaFX Application Thread] (occplan.java:78) - Function entry 37.0  36.0
2014-08-15 DEBUG [JavaFX Application Thread] (occplan.java:78) - Function entry 37.0  36.0
2014-08-15 DEBUG [JavaFX Application Thread] (occplan.java:78) - Function entry 37.0  36.0
2014-08-15 DEBUG [JavaFX Application Thread] (occplan.java:78) - Function entry 37.0  36.0
2014-08-15 DEBUG [JavaFX Application Thread] (occplan.java:78) - Function entry 37.0  36.0
2014-08-15 DEBUG [JavaFX Application Thread] (occplan.java:78) - Function entry 37.0  36.0
2014-08-15 DEBUG [JavaFX Application Thread] (occplan.java:78) - Function entry 37.0  36.0
2014-08-15 DEBUG [JavaFX Application Thread] (occplan.java:78) - Function entry 37.0  36.0
